{"C:\\1-Github repositories\\General_notes\\Javascript\\Testing with jest\\reto_1\\envelope.js": {"path":"C:\\1-Github repositories\\General_notes\\Javascript\\Testing with jest\\reto_1\\envelope.js","statementMap":{"0":{"start":{"line":2,"column":18},"end":{"line":2,"column":20}},"1":{"start":{"line":3,"column":4},"end":{"line":6,"column":5}},"2":{"start":{"line":4,"column":19},"end":{"line":4,"column":49}},"3":{"start":{"line":5,"column":8},"end":{"line":5,"column":49}},"4":{"start":{"line":7,"column":4},"end":{"line":7,"column":19}},"5":{"start":{"line":10,"column":0},"end":{"line":10,"column":26}}},"fnMap":{"0":{"name":"envelope","decl":{"start":{"line":1,"column":9},"end":{"line":1,"column":17}},"loc":{"start":{"line":1,"column":25},"end":{"line":8,"column":1}},"line":1}},"branchMap":{},"s":{"0":2,"1":2,"2":10,"3":10,"4":2,"5":1},"f":{"0":2},"b":{},"_coverageSchema":"1a1c01bbd47fc00a2c39e90264f33305004495a9","hash":"0d8197f98db9d25371e6af63104ba15199fa5146"}
,"C:\\1-Github repositories\\General_notes\\Javascript\\Testing with jest\\reto_10\\checkJump.js": {"path":"C:\\1-Github repositories\\General_notes\\Javascript\\Testing with jest\\reto_10\\checkJump.js","statementMap":{"0":{"start":{"line":2,"column":19},"end":{"line":2,"column":39}},"1":{"start":{"line":3,"column":18},"end":{"line":3,"column":22}},"2":{"start":{"line":4,"column":20},"end":{"line":4,"column":21}},"3":{"start":{"line":5,"column":28},"end":{"line":5,"column":29}},"4":{"start":{"line":6,"column":4},"end":{"line":16,"column":5}},"5":{"start":{"line":7,"column":8},"end":{"line":7,"column":49}},"6":{"start":{"line":7,"column":28},"end":{"line":7,"column":48}},"7":{"start":{"line":8,"column":8},"end":{"line":12,"column":9}},"8":{"start":{"line":9,"column":12},"end":{"line":9,"column":25}},"9":{"start":{"line":10,"column":12},"end":{"line":10,"column":26}},"10":{"start":{"line":11,"column":12},"end":{"line":11,"column":21}},"11":{"start":{"line":13,"column":8},"end":{"line":13,"column":48}},"12":{"start":{"line":13,"column":35},"end":{"line":13,"column":47}},"13":{"start":{"line":14,"column":8},"end":{"line":14,"column":49}},"14":{"start":{"line":14,"column":36},"end":{"line":14,"column":48}},"15":{"start":{"line":15,"column":8},"end":{"line":15,"column":22}},"16":{"start":{"line":17,"column":4},"end":{"line":17,"column":66}},"17":{"start":{"line":20,"column":0},"end":{"line":20,"column":27}}},"fnMap":{"0":{"name":"checkJump","decl":{"start":{"line":1,"column":9},"end":{"line":1,"column":18}},"loc":{"start":{"line":1,"column":27},"end":{"line":18,"column":1}},"line":1}},"branchMap":{"0":{"loc":{"start":{"line":7,"column":8},"end":{"line":7,"column":49}},"type":"if","locations":[{"start":{"line":7,"column":8},"end":{"line":7,"column":49}},{"start":{},"end":{}}],"line":7},"1":{"loc":{"start":{"line":8,"column":8},"end":{"line":12,"column":9}},"type":"if","locations":[{"start":{"line":8,"column":8},"end":{"line":12,"column":9}},{"start":{},"end":{}}],"line":8},"2":{"loc":{"start":{"line":13,"column":8},"end":{"line":13,"column":48}},"type":"if","locations":[{"start":{"line":13,"column":8},"end":{"line":13,"column":48}},{"start":{},"end":{}}],"line":13},"3":{"loc":{"start":{"line":13,"column":11},"end":{"line":13,"column":33}},"type":"binary-expr","locations":[{"start":{"line":13,"column":11},"end":{"line":13,"column":22}},{"start":{"line":13,"column":26},"end":{"line":13,"column":33}}],"line":13},"4":{"loc":{"start":{"line":14,"column":8},"end":{"line":14,"column":49}},"type":"if","locations":[{"start":{"line":14,"column":8},"end":{"line":14,"column":49}},{"start":{},"end":{}}],"line":14},"5":{"loc":{"start":{"line":14,"column":11},"end":{"line":14,"column":34}},"type":"binary-expr","locations":[{"start":{"line":14,"column":11},"end":{"line":14,"column":22}},{"start":{"line":14,"column":26},"end":{"line":14,"column":34}}],"line":14},"6":{"loc":{"start":{"line":17,"column":11},"end":{"line":17,"column":65}},"type":"binary-expr","locations":[{"start":{"line":17,"column":11},"end":{"line":17,"column":51}},{"start":{"line":17,"column":56},"end":{"line":17,"column":64}}],"line":17}},"s":{"0":4,"1":4,"2":4,"3":4,"4":4,"5":16,"6":3,"7":16,"8":7,"9":7,"10":7,"11":9,"12":0,"13":9,"14":1,"15":8,"16":3,"17":1},"f":{"0":4},"b":{"0":[3,13],"1":[7,9],"2":[0,9],"3":[9,3],"4":[1,8],"5":[9,6],"6":[3,2]},"_coverageSchema":"1a1c01bbd47fc00a2c39e90264f33305004495a9","hash":"76f9975b7b599a29274d0e506f690a46d9d91592"}
,"C:\\1-Github repositories\\General_notes\\Javascript\\Testing with jest\\reto_2\\countHours.js": {"path":"C:\\1-Github repositories\\General_notes\\Javascript\\Testing with jest\\reto_2\\countHours.js","statementMap":{"0":{"start":{"line":2,"column":19},"end":{"line":2,"column":48}},"1":{"start":{"line":3,"column":16},"end":{"line":3,"column":41}},"2":{"start":{"line":4,"column":18},"end":{"line":4,"column":19}},"3":{"start":{"line":5,"column":4},"end":{"line":16,"column":5}},"4":{"start":{"line":5,"column":17},"end":{"line":5,"column":18}},"5":{"start":{"line":5,"column":27},"end":{"line":5,"column":47}},"6":{"start":{"line":6,"column":8},"end":{"line":9,"column":9}},"7":{"start":{"line":7,"column":12},"end":{"line":7,"column":47}},"8":{"start":{"line":8,"column":12},"end":{"line":8,"column":21}},"9":{"start":{"line":10,"column":24},"end":{"line":11,"column":58}},"10":{"start":{"line":12,"column":8},"end":{"line":14,"column":9}},"11":{"start":{"line":13,"column":12},"end":{"line":13,"column":25}},"12":{"start":{"line":15,"column":8},"end":{"line":15,"column":43}},"13":{"start":{"line":18,"column":4},"end":{"line":18,"column":19}},"14":{"start":{"line":20,"column":0},"end":{"line":20,"column":28}}},"fnMap":{"0":{"name":"countHours","decl":{"start":{"line":1,"column":9},"end":{"line":1,"column":19}},"loc":{"start":{"line":1,"column":36},"end":{"line":19,"column":1}},"line":1}},"branchMap":{"0":{"loc":{"start":{"line":2,"column":19},"end":{"line":2,"column":48}},"type":"cond-expr","locations":[{"start":{"line":2,"column":36},"end":{"line":2,"column":40}},{"start":{"line":2,"column":43},"end":{"line":2,"column":48}}],"line":2},"1":{"loc":{"start":{"line":5,"column":27},"end":{"line":5,"column":47}},"type":"cond-expr","locations":[{"start":{"line":5,"column":38},"end":{"line":5,"column":41}},{"start":{"line":5,"column":44},"end":{"line":5,"column":47}}],"line":5},"2":{"loc":{"start":{"line":6,"column":8},"end":{"line":9,"column":9}},"type":"if","locations":[{"start":{"line":6,"column":8},"end":{"line":9,"column":9}},{"start":{},"end":{}}],"line":6},"3":{"loc":{"start":{"line":6,"column":12},"end":{"line":6,"column":56}},"type":"binary-expr","locations":[{"start":{"line":6,"column":12},"end":{"line":6,"column":32}},{"start":{"line":6,"column":36},"end":{"line":6,"column":56}}],"line":6},"4":{"loc":{"start":{"line":12,"column":8},"end":{"line":14,"column":9}},"type":"if","locations":[{"start":{"line":12,"column":8},"end":{"line":14,"column":9}},{"start":{},"end":{}}],"line":12}},"s":{"0":3,"1":3,"2":3,"3":3,"4":3,"5":3,"6":1095,"7":314,"8":314,"9":781,"10":781,"11":9,"12":781,"13":3,"14":1},"f":{"0":3},"b":{"0":[0,3],"1":[0,3],"2":[314,781],"3":[1095,939],"4":[9,772]},"_coverageSchema":"1a1c01bbd47fc00a2c39e90264f33305004495a9","hash":"7b45f6dfe06b3a23dddcc929903b4b137f6a2b05"}
,"C:\\1-Github repositories\\General_notes\\Javascript\\Testing with jest\\reto_3\\countHours.js": {"path":"C:\\1-Github repositories\\General_notes\\Javascript\\Testing with jest\\reto_3\\countHours.js","statementMap":{"0":{"start":{"line":2,"column":20},"end":{"line":4,"column":9}},"1":{"start":{"line":3,"column":8},"end":{"line":3,"column":43}},"2":{"start":{"line":6,"column":21},"end":{"line":8,"column":9}},"3":{"start":{"line":7,"column":8},"end":{"line":7,"column":35}},"4":{"start":{"line":10,"column":4},"end":{"line":10,"column":46}},"5":{"start":{"line":13,"column":0},"end":{"line":13,"column":33}}},"fnMap":{"0":{"name":"distributeGifts","decl":{"start":{"line":1,"column":9},"end":{"line":1,"column":24}},"loc":{"start":{"line":1,"column":49},"end":{"line":11,"column":1}},"line":1},"1":{"name":"(anonymous_1)","decl":{"start":{"line":2,"column":37},"end":{"line":2,"column":38}},"loc":{"start":{"line":2,"column":58},"end":{"line":4,"column":5}},"line":2},"2":{"name":"(anonymous_2)","decl":{"start":{"line":6,"column":40},"end":{"line":6,"column":41}},"loc":{"start":{"line":6,"column":57},"end":{"line":8,"column":5}},"line":6}},"branchMap":{},"s":{"0":2,"1":4,"2":2,"3":6,"4":2,"5":1},"f":{"0":2,"1":4,"2":6},"b":{},"_coverageSchema":"1a1c01bbd47fc00a2c39e90264f33305004495a9","hash":"c312bc2c4906b8d0bceafc55bfabb2dfccdc11e5"}
,"C:\\1-Github repositories\\General_notes\\Javascript\\Testing with jest\\reto_4\\fitsInOneBox.js": {"path":"C:\\1-Github repositories\\General_notes\\Javascript\\Testing with jest\\reto_4\\fitsInOneBox.js","statementMap":{"0":{"start":{"line":2,"column":22},"end":{"line":6,"column":5}},"1":{"start":{"line":3,"column":21},"end":{"line":3,"column":77}},"2":{"start":{"line":4,"column":8},"end":{"line":4,"column":79}},"3":{"start":{"line":4,"column":69},"end":{"line":4,"column":77}},"4":{"start":{"line":5,"column":8},"end":{"line":5,"column":22}},"5":{"start":{"line":7,"column":17},"end":{"line":7,"column":76}},"6":{"start":{"line":7,"column":29},"end":{"line":7,"column":76}},"7":{"start":{"line":9,"column":22},"end":{"line":9,"column":45}},"8":{"start":{"line":10,"column":4},"end":{"line":13,"column":5}},"9":{"start":{"line":10,"column":17},"end":{"line":10,"column":18}},"10":{"start":{"line":11,"column":33},"end":{"line":11,"column":73}},"11":{"start":{"line":12,"column":8},"end":{"line":12,"column":48}},"12":{"start":{"line":12,"column":34},"end":{"line":12,"column":46}},"13":{"start":{"line":15,"column":4},"end":{"line":15,"column":16}},"14":{"start":{"line":17,"column":1},"end":{"line":17,"column":31}}},"fnMap":{"0":{"name":"fitsInOneBox","decl":{"start":{"line":1,"column":9},"end":{"line":1,"column":21}},"loc":{"start":{"line":1,"column":29},"end":{"line":16,"column":1}},"line":1},"1":{"name":"(anonymous_1)","decl":{"start":{"line":2,"column":22},"end":{"line":2,"column":23}},"loc":{"start":{"line":2,"column":34},"end":{"line":6,"column":5}},"line":2},"2":{"name":"(anonymous_2)","decl":{"start":{"line":7,"column":17},"end":{"line":7,"column":18}},"loc":{"start":{"line":7,"column":29},"end":{"line":7,"column":76}},"line":7}},"branchMap":{"0":{"loc":{"start":{"line":3,"column":21},"end":{"line":3,"column":77}},"type":"cond-expr","locations":[{"start":{"line":3,"column":71},"end":{"line":3,"column":73}},{"start":{"line":3,"column":76},"end":{"line":3,"column":77}}],"line":3},"1":{"loc":{"start":{"line":3,"column":21},"end":{"line":3,"column":68}},"type":"binary-expr","locations":[{"start":{"line":3,"column":22},"end":{"line":3,"column":33}},{"start":{"line":3,"column":39},"end":{"line":3,"column":50}},{"start":{"line":3,"column":56},"end":{"line":3,"column":67}}],"line":3},"2":{"loc":{"start":{"line":4,"column":8},"end":{"line":4,"column":79}},"type":"if","locations":[{"start":{"line":4,"column":8},"end":{"line":4,"column":79}},{"start":{},"end":{}}],"line":4},"3":{"loc":{"start":{"line":4,"column":12},"end":{"line":4,"column":65}},"type":"binary-expr","locations":[{"start":{"line":4,"column":13},"end":{"line":4,"column":26}},{"start":{"line":4,"column":32},"end":{"line":4,"column":45}},{"start":{"line":4,"column":51},"end":{"line":4,"column":64}}],"line":4},"4":{"loc":{"start":{"line":7,"column":29},"end":{"line":7,"column":76}},"type":"binary-expr","locations":[{"start":{"line":7,"column":30},"end":{"line":7,"column":41}},{"start":{"line":7,"column":47},"end":{"line":7,"column":58}},{"start":{"line":7,"column":64},"end":{"line":7,"column":75}}],"line":7},"5":{"loc":{"start":{"line":12,"column":8},"end":{"line":12,"column":48}},"type":"if","locations":[{"start":{"line":12,"column":8},"end":{"line":12,"column":48}},{"start":{},"end":{}}],"line":12}},"s":{"0":5,"1":13,"2":13,"3":2,"4":11,"5":5,"6":7,"7":5,"8":5,"9":5,"10":7,"11":7,"12":3,"13":2,"14":1},"f":{"0":5,"1":13,"2":7},"b":{"0":[4,9],"1":[13,4,4],"2":[2,11],"3":[13,2,2],"4":[7,6,5],"5":[3,4]},"_coverageSchema":"1a1c01bbd47fc00a2c39e90264f33305004495a9","hash":"3c275a2b5f7db6b60578edf450aee5c1c87bf9a8"}
,"C:\\1-Github repositories\\General_notes\\Javascript\\Testing with jest\\reto_5\\getMaxGifts.js": {"path":"C:\\1-Github repositories\\General_notes\\Javascript\\Testing with jest\\reto_5\\getMaxGifts.js","statementMap":{"0":{"start":{"line":3,"column":4},"end":{"line":6,"column":7}},"1":{"start":{"line":4,"column":8},"end":{"line":4,"column":33}},"2":{"start":{"line":4,"column":23},"end":{"line":4,"column":31}},"3":{"start":{"line":5,"column":8},"end":{"line":5,"column":30}},"4":{"start":{"line":8,"column":17},"end":{"line":8,"column":19}},"5":{"start":{"line":10,"column":4},"end":{"line":20,"column":5}},"6":{"start":{"line":10,"column":17},"end":{"line":10,"column":18}},"7":{"start":{"line":11,"column":8},"end":{"line":19,"column":9}},"8":{"start":{"line":11,"column":21},"end":{"line":11,"column":22}},"9":{"start":{"line":12,"column":12},"end":{"line":12,"column":38}},"10":{"start":{"line":12,"column":27},"end":{"line":12,"column":36}},"11":{"start":{"line":13,"column":12},"end":{"line":18,"column":13}},"12":{"start":{"line":13,"column":25},"end":{"line":13,"column":26}},"13":{"start":{"line":14,"column":16},"end":{"line":14,"column":53}},"14":{"start":{"line":14,"column":42},"end":{"line":14,"column":51}},"15":{"start":{"line":15,"column":26},"end":{"line":15,"column":74}},"16":{"start":{"line":16,"column":16},"end":{"line":17,"column":62}},"17":{"start":{"line":16,"column":40},"end":{"line":16,"column":50}},"18":{"start":{"line":17,"column":21},"end":{"line":17,"column":62}},"19":{"start":{"line":17,"column":44},"end":{"line":17,"column":60}},"20":{"start":{"line":22,"column":4},"end":{"line":25,"column":7}},"21":{"start":{"line":23,"column":8},"end":{"line":23,"column":33}},"22":{"start":{"line":23,"column":23},"end":{"line":23,"column":31}},"23":{"start":{"line":24,"column":8},"end":{"line":24,"column":30}},"24":{"start":{"line":27,"column":4},"end":{"line":27,"column":26}},"25":{"start":{"line":30,"column":0},"end":{"line":30,"column":29}}},"fnMap":{"0":{"name":"getMaxGifts","decl":{"start":{"line":1,"column":9},"end":{"line":1,"column":20}},"loc":{"start":{"line":1,"column":55},"end":{"line":28,"column":1}},"line":1},"1":{"name":"(anonymous_1)","decl":{"start":{"line":3,"column":21},"end":{"line":3,"column":22}},"loc":{"start":{"line":3,"column":31},"end":{"line":6,"column":5}},"line":3},"2":{"name":"(anonymous_2)","decl":{"start":{"line":22,"column":16},"end":{"line":22,"column":17}},"loc":{"start":{"line":22,"column":26},"end":{"line":25,"column":5}},"line":22}},"branchMap":{"0":{"loc":{"start":{"line":4,"column":8},"end":{"line":4,"column":33}},"type":"if","locations":[{"start":{"line":4,"column":8},"end":{"line":4,"column":33}},{"start":{},"end":{}}],"line":4},"1":{"loc":{"start":{"line":5,"column":15},"end":{"line":5,"column":29}},"type":"cond-expr","locations":[{"start":{"line":5,"column":23},"end":{"line":5,"column":24}},{"start":{"line":5,"column":27},"end":{"line":5,"column":29}}],"line":5},"2":{"loc":{"start":{"line":12,"column":12},"end":{"line":12,"column":38}},"type":"if","locations":[{"start":{"line":12,"column":12},"end":{"line":12,"column":38}},{"start":{},"end":{}}],"line":12},"3":{"loc":{"start":{"line":14,"column":16},"end":{"line":14,"column":53}},"type":"if","locations":[{"start":{"line":14,"column":16},"end":{"line":14,"column":53}},{"start":{},"end":{}}],"line":14},"4":{"loc":{"start":{"line":14,"column":20},"end":{"line":14,"column":38}},"type":"binary-expr","locations":[{"start":{"line":14,"column":20},"end":{"line":14,"column":27}},{"start":{"line":14,"column":31},"end":{"line":14,"column":38}}],"line":14},"5":{"loc":{"start":{"line":16,"column":16},"end":{"line":17,"column":62}},"type":"if","locations":[{"start":{"line":16,"column":16},"end":{"line":17,"column":62}},{"start":{"line":17,"column":21},"end":{"line":17,"column":62}}],"line":16},"6":{"loc":{"start":{"line":17,"column":21},"end":{"line":17,"column":62}},"type":"if","locations":[{"start":{"line":17,"column":21},"end":{"line":17,"column":62}},{"start":{},"end":{}}],"line":17},"7":{"loc":{"start":{"line":23,"column":8},"end":{"line":23,"column":33}},"type":"if","locations":[{"start":{"line":23,"column":8},"end":{"line":23,"column":33}},{"start":{},"end":{}}],"line":23},"8":{"loc":{"start":{"line":24,"column":15},"end":{"line":24,"column":29}},"type":"cond-expr","locations":[{"start":{"line":24,"column":23},"end":{"line":24,"column":24}},{"start":{"line":24,"column":27},"end":{"line":24,"column":29}}],"line":24},"9":{"loc":{"start":{"line":27,"column":11},"end":{"line":27,"column":25}},"type":"binary-expr","locations":[{"start":{"line":27,"column":11},"end":{"line":27,"column":20}},{"start":{"line":27,"column":24},"end":{"line":27,"column":25}}],"line":27}},"s":{"0":3,"1":16,"2":0,"3":16,"4":3,"5":3,"6":3,"7":3,"8":3,"9":7,"10":3,"11":4,"12":4,"13":20,"14":8,"15":12,"16":12,"17":2,"18":10,"19":0,"20":1,"21":0,"22":0,"23":0,"24":1,"25":1},"f":{"0":3,"1":16,"2":0},"b":{"0":[0,16],"1":[8,8],"2":[3,4],"3":[8,12],"4":[20,16],"5":[2,10],"6":[0,10],"7":[0,0],"8":[0,0],"9":[1,1]},"_coverageSchema":"1a1c01bbd47fc00a2c39e90264f33305004495a9","hash":"5f4ea4f6a0183ba1e299f4a55c4ae8245a16cce6"}
,"C:\\1-Github repositories\\General_notes\\Javascript\\Testing with jest\\reto_6\\createCube.js": {"path":"C:\\1-Github repositories\\General_notes\\Javascript\\Testing with jest\\reto_6\\createCube.js","statementMap":{"0":{"start":{"line":2,"column":16},"end":{"line":2,"column":18}},"1":{"start":{"line":4,"column":4},"end":{"line":7,"column":5}},"2":{"start":{"line":4,"column":17},"end":{"line":4,"column":18}},"3":{"start":{"line":5,"column":8},"end":{"line":5,"column":72}},"4":{"start":{"line":6,"column":8},"end":{"line":6,"column":19}},"5":{"start":{"line":9,"column":4},"end":{"line":14,"column":5}},"6":{"start":{"line":9,"column":17},"end":{"line":9,"column":23}},"7":{"start":{"line":10,"column":8},"end":{"line":10,"column":71}},"8":{"start":{"line":11,"column":8},"end":{"line":13,"column":9}},"9":{"start":{"line":12,"column":12},"end":{"line":12,"column":23}},"10":{"start":{"line":15,"column":4},"end":{"line":15,"column":15}},"11":{"start":{"line":18,"column":0},"end":{"line":18,"column":28}}},"fnMap":{"0":{"name":"createCube","decl":{"start":{"line":1,"column":9},"end":{"line":1,"column":19}},"loc":{"start":{"line":1,"column":26},"end":{"line":16,"column":1}},"line":1}},"branchMap":{"0":{"loc":{"start":{"line":11,"column":8},"end":{"line":13,"column":9}},"type":"if","locations":[{"start":{"line":11,"column":8},"end":{"line":13,"column":9}},{"start":{},"end":{}}],"line":11}},"s":{"0":3,"1":3,"2":3,"3":10,"4":10,"5":3,"6":3,"7":10,"8":10,"9":7,"10":3,"11":1},"f":{"0":3},"b":{"0":[7,3]},"_coverageSchema":"1a1c01bbd47fc00a2c39e90264f33305004495a9","hash":"ca45556c193536be5b65a61260ac11e87dcdfb29"}
,"C:\\1-Github repositories\\General_notes\\Javascript\\Testing with jest\\reto_7\\getGiftsToRefill.js": {"path":"C:\\1-Github repositories\\General_notes\\Javascript\\Testing with jest\\reto_7\\getGiftsToRefill.js","statementMap":{"0":{"start":{"line":3,"column":8},"end":{"line":3,"column":40}},"1":{"start":{"line":6,"column":22},"end":{"line":6,"column":41}},"2":{"start":{"line":7,"column":4},"end":{"line":7,"column":55}},"3":{"start":{"line":9,"column":17},"end":{"line":9,"column":19}},"4":{"start":{"line":10,"column":4},"end":{"line":16,"column":5}},"5":{"start":{"line":11,"column":25},"end":{"line":11,"column":26}},"6":{"start":{"line":12,"column":8},"end":{"line":12,"column":47}},"7":{"start":{"line":12,"column":33},"end":{"line":12,"column":45}},"8":{"start":{"line":13,"column":8},"end":{"line":13,"column":47}},"9":{"start":{"line":13,"column":33},"end":{"line":13,"column":45}},"10":{"start":{"line":14,"column":8},"end":{"line":14,"column":47}},"11":{"start":{"line":14,"column":33},"end":{"line":14,"column":45}},"12":{"start":{"line":15,"column":8},"end":{"line":15,"column":47}},"13":{"start":{"line":15,"column":29},"end":{"line":15,"column":46}},"14":{"start":{"line":18,"column":4},"end":{"line":18,"column":18}},"15":{"start":{"line":20,"column":0},"end":{"line":20,"column":34}}},"fnMap":{"0":{"name":"getGiftsToRefill","decl":{"start":{"line":1,"column":9},"end":{"line":1,"column":25}},"loc":{"start":{"line":1,"column":38},"end":{"line":19,"column":1}},"line":1},"1":{"name":"uniqueComparison","decl":{"start":{"line":2,"column":13},"end":{"line":2,"column":29}},"loc":{"start":{"line":2,"column":45},"end":{"line":4,"column":5}},"line":2}},"branchMap":{"0":{"loc":{"start":{"line":12,"column":8},"end":{"line":12,"column":47}},"type":"if","locations":[{"start":{"line":12,"column":8},"end":{"line":12,"column":47}},{"start":{},"end":{}}],"line":12},"1":{"loc":{"start":{"line":13,"column":8},"end":{"line":13,"column":47}},"type":"if","locations":[{"start":{"line":13,"column":8},"end":{"line":13,"column":47}},{"start":{},"end":{}}],"line":13},"2":{"loc":{"start":{"line":14,"column":8},"end":{"line":14,"column":47}},"type":"if","locations":[{"start":{"line":14,"column":8},"end":{"line":14,"column":47}},{"start":{},"end":{}}],"line":14},"3":{"loc":{"start":{"line":15,"column":8},"end":{"line":15,"column":47}},"type":"if","locations":[{"start":{"line":15,"column":8},"end":{"line":15,"column":47}},{"start":{},"end":{}}],"line":15}},"s":{"0":11,"1":1,"2":1,"3":1,"4":1,"5":4,"6":4,"7":2,"8":4,"9":3,"10":4,"11":2,"12":4,"13":2,"14":1,"15":1},"f":{"0":1,"1":11},"b":{"0":[2,2],"1":[3,1],"2":[2,2],"3":[2,2]},"_coverageSchema":"1a1c01bbd47fc00a2c39e90264f33305004495a9","hash":"cc764cc1ee428db4ded4f6d73c61c024dc479f11"}
,"C:\\1-Github repositories\\General_notes\\Javascript\\Testing with jest\\reto_8\\checkPart.js": {"path":"C:\\1-Github repositories\\General_notes\\Javascript\\Testing with jest\\reto_8\\checkPart.js","statementMap":{"0":{"start":{"line":2,"column":23},"end":{"line":7,"column":5}},"1":{"start":{"line":3,"column":16},"end":{"line":3,"column":29}},"2":{"start":{"line":4,"column":19},"end":{"line":4,"column":61}},"3":{"start":{"line":5,"column":20},"end":{"line":5,"column":73}},"4":{"start":{"line":6,"column":8},"end":{"line":6,"column":48}},"5":{"start":{"line":9,"column":4},"end":{"line":9,"column":44}},"6":{"start":{"line":9,"column":30},"end":{"line":9,"column":42}},"7":{"start":{"line":11,"column":17},"end":{"line":11,"column":19}},"8":{"start":{"line":12,"column":4},"end":{"line":16,"column":5}},"9":{"start":{"line":12,"column":17},"end":{"line":12,"column":18}},"10":{"start":{"line":13,"column":22},"end":{"line":13,"column":36}},"11":{"start":{"line":14,"column":8},"end":{"line":14,"column":29}},"12":{"start":{"line":15,"column":8},"end":{"line":15,"column":52}},"13":{"start":{"line":18,"column":4},"end":{"line":18,"column":48}},"14":{"start":{"line":20,"column":0},"end":{"line":20,"column":27}}},"fnMap":{"0":{"name":"checkPart","decl":{"start":{"line":1,"column":9},"end":{"line":1,"column":18}},"loc":{"start":{"line":1,"column":25},"end":{"line":19,"column":1}},"line":1},"1":{"name":"(anonymous_1)","decl":{"start":{"line":2,"column":23},"end":{"line":2,"column":24}},"loc":{"start":{"line":2,"column":35},"end":{"line":7,"column":5}},"line":2}},"branchMap":{"0":{"loc":{"start":{"line":9,"column":4},"end":{"line":9,"column":44}},"type":"if","locations":[{"start":{"line":9,"column":4},"end":{"line":9,"column":44}},{"start":{},"end":{}}],"line":9},"1":{"loc":{"start":{"line":18,"column":11},"end":{"line":18,"column":47}},"type":"cond-expr","locations":[{"start":{"line":18,"column":35},"end":{"line":18,"column":39}},{"start":{"line":18,"column":42},"end":{"line":18,"column":47}}],"line":18}},"s":{"0":4,"1":14,"2":14,"3":14,"4":14,"5":4,"6":2,"7":2,"8":2,"9":2,"10":10,"11":10,"12":10,"13":2,"14":1},"f":{"0":4,"1":14},"b":{"0":[2,2],"1":[1,1]},"_coverageSchema":"1a1c01bbd47fc00a2c39e90264f33305004495a9","hash":"4a1041fb1562e1a37899ea2b2a36aea93c544aac"}
,"C:\\1-Github repositories\\General_notes\\Javascript\\Testing with jest\\reto_9\\countTime.js": {"path":"C:\\1-Github repositories\\General_notes\\Javascript\\Testing with jest\\reto_9\\countTime.js","statementMap":{"0":{"start":{"line":2,"column":17},"end":{"line":2,"column":18}},"1":{"start":{"line":4,"column":17},"end":{"line":4,"column":18}},"2":{"start":{"line":5,"column":4},"end":{"line":21,"column":5}},"3":{"start":{"line":6,"column":8},"end":{"line":6,"column":17}},"4":{"start":{"line":7,"column":24},"end":{"line":7,"column":26}},"5":{"start":{"line":8,"column":8},"end":{"line":14,"column":9}},"6":{"start":{"line":8,"column":21},"end":{"line":8,"column":22}},"7":{"start":{"line":9,"column":23},"end":{"line":11,"column":33}},"8":{"start":{"line":13,"column":12},"end":{"line":13,"column":42}},"9":{"start":{"line":13,"column":24},"end":{"line":13,"column":40}},"10":{"start":{"line":15,"column":8},"end":{"line":20,"column":9}},"11":{"start":{"line":15,"column":21},"end":{"line":15,"column":22}},"12":{"start":{"line":16,"column":23},"end":{"line":16,"column":45}},"13":{"start":{"line":17,"column":12},"end":{"line":19,"column":13}},"14":{"start":{"line":18,"column":16},"end":{"line":18,"column":39}},"15":{"start":{"line":23,"column":4},"end":{"line":23,"column":25}},"16":{"start":{"line":26,"column":0},"end":{"line":26,"column":27}}},"fnMap":{"0":{"name":"countTime","decl":{"start":{"line":1,"column":9},"end":{"line":1,"column":18}},"loc":{"start":{"line":1,"column":25},"end":{"line":24,"column":1}},"line":1}},"branchMap":{"0":{"loc":{"start":{"line":9,"column":23},"end":{"line":11,"column":33}},"type":"cond-expr","locations":[{"start":{"line":10,"column":16},"end":{"line":10,"column":43}},{"start":{"line":11,"column":16},"end":{"line":11,"column":33}}],"line":9},"1":{"loc":{"start":{"line":13,"column":12},"end":{"line":13,"column":42}},"type":"if","locations":[{"start":{"line":13,"column":12},"end":{"line":13,"column":42}},{"start":{},"end":{}}],"line":13},"2":{"loc":{"start":{"line":17,"column":12},"end":{"line":19,"column":13}},"type":"if","locations":[{"start":{"line":17,"column":12},"end":{"line":19,"column":13}},{"start":{},"end":{}}],"line":17}},"s":{"0":3,"1":3,"2":3,"3":8,"4":8,"5":8,"6":8,"7":37,"8":37,"9":19,"10":8,"11":8,"12":37,"13":37,"14":19,"15":3,"16":1},"f":{"0":3},"b":{"0":[8,29],"1":[19,18],"2":[19,18]},"_coverageSchema":"1a1c01bbd47fc00a2c39e90264f33305004495a9","hash":"a6428f3ba8f48b007225de16af091d3ba306c099"}
,"C:\\1-Github repositories\\General_notes\\Javascript\\Testing with jest\\sum\\sum.js": {"path":"C:\\1-Github repositories\\General_notes\\Javascript\\Testing with jest\\sum\\sum.js","statementMap":{"0":{"start":{"line":2,"column":16},"end":{"line":2,"column":51}},"1":{"start":{"line":3,"column":4},"end":{"line":3,"column":23}},"2":{"start":{"line":5,"column":4},"end":{"line":5,"column":17}},"3":{"start":{"line":8,"column":0},"end":{"line":8,"column":21}}},"fnMap":{"0":{"name":"sum","decl":{"start":{"line":1,"column":9},"end":{"line":1,"column":12}},"loc":{"start":{"line":1,"column":28},"end":{"line":6,"column":1}},"line":1}},"branchMap":{},"s":{"0":2,"1":2,"2":2,"3":1},"f":{"0":2},"b":{},"_coverageSchema":"1a1c01bbd47fc00a2c39e90264f33305004495a9","hash":"83b3ce89d5bc2d9e035326ef81c2fb35432b1c75"}
}
