TN:
SF:Javascript\Testing with jest\reto_1\envelope.js
FN:1,envelope
FNF:1
FNH:1
FNDA:2,envelope
DA:2,2
DA:3,2
DA:4,10
DA:5,10
DA:7,2
DA:10,1
LF:6
LH:6
BRF:0
BRH:0
end_of_record
TN:
SF:Javascript\Testing with jest\reto_10\checkJump.js
FN:1,checkJump
FNF:1
FNH:1
FNDA:4,checkJump
DA:2,4
DA:3,4
DA:4,4
DA:5,4
DA:6,4
DA:7,16
DA:8,16
DA:9,7
DA:10,7
DA:11,7
DA:13,9
DA:14,9
DA:15,8
DA:17,3
DA:20,1
LF:15
LH:15
BRDA:7,0,0,3
BRDA:7,0,1,13
BRDA:8,1,0,7
BRDA:8,1,1,9
BRDA:13,2,0,0
BRDA:13,2,1,9
BRDA:13,3,0,9
BRDA:13,3,1,3
BRDA:14,4,0,1
BRDA:14,4,1,8
BRDA:14,5,0,9
BRDA:14,5,1,6
BRDA:17,6,0,3
BRDA:17,6,1,2
BRF:14
BRH:13
end_of_record
TN:
SF:Javascript\Testing with jest\reto_2\countHours.js
FN:1,countHours
FNF:1
FNH:1
FNDA:3,countHours
DA:2,3
DA:3,3
DA:4,3
DA:5,3
DA:6,1095
DA:7,314
DA:8,314
DA:10,781
DA:12,781
DA:13,9
DA:15,781
DA:18,3
DA:20,1
LF:13
LH:13
BRDA:2,0,0,0
BRDA:2,0,1,3
BRDA:5,1,0,0
BRDA:5,1,1,3
BRDA:6,2,0,314
BRDA:6,2,1,781
BRDA:6,3,0,1095
BRDA:6,3,1,939
BRDA:12,4,0,9
BRDA:12,4,1,772
BRF:10
BRH:8
end_of_record
TN:
SF:Javascript\Testing with jest\reto_3\countHours.js
FN:1,distributeGifts
FN:2,(anonymous_1)
FN:6,(anonymous_2)
FNF:3
FNH:3
FNDA:2,distributeGifts
FNDA:4,(anonymous_1)
FNDA:6,(anonymous_2)
DA:2,2
DA:3,4
DA:6,2
DA:7,6
DA:10,2
DA:13,1
LF:6
LH:6
BRF:0
BRH:0
end_of_record
TN:
SF:Javascript\Testing with jest\reto_4\fitsInOneBox.js
FN:1,fitsInOneBox
FN:2,(anonymous_1)
FN:7,(anonymous_2)
FNF:3
FNH:3
FNDA:5,fitsInOneBox
FNDA:13,(anonymous_1)
FNDA:7,(anonymous_2)
DA:2,5
DA:3,13
DA:4,13
DA:5,11
DA:7,7
DA:9,5
DA:10,5
DA:11,7
DA:12,7
DA:15,2
DA:17,1
LF:11
LH:11
BRDA:3,0,0,4
BRDA:3,0,1,9
BRDA:3,1,0,13
BRDA:3,1,1,4
BRDA:3,1,2,4
BRDA:4,2,0,2
BRDA:4,2,1,11
BRDA:4,3,0,13
BRDA:4,3,1,2
BRDA:4,3,2,2
BRDA:7,4,0,7
BRDA:7,4,1,6
BRDA:7,4,2,5
BRDA:12,5,0,3
BRDA:12,5,1,4
BRF:15
BRH:15
end_of_record
TN:
SF:Javascript\Testing with jest\reto_5\getMaxGifts.js
FN:1,getMaxGifts
FN:3,(anonymous_1)
FN:22,(anonymous_2)
FNF:3
FNH:2
FNDA:3,getMaxGifts
FNDA:16,(anonymous_1)
FNDA:0,(anonymous_2)
DA:3,3
DA:4,16
DA:5,16
DA:8,3
DA:10,3
DA:11,3
DA:12,7
DA:13,4
DA:14,20
DA:15,12
DA:16,12
DA:17,10
DA:22,1
DA:23,0
DA:24,0
DA:27,1
DA:30,1
LF:17
LH:15
BRDA:4,0,0,0
BRDA:4,0,1,16
BRDA:5,1,0,8
BRDA:5,1,1,8
BRDA:12,2,0,3
BRDA:12,2,1,4
BRDA:14,3,0,8
BRDA:14,3,1,12
BRDA:14,4,0,20
BRDA:14,4,1,16
BRDA:16,5,0,2
BRDA:16,5,1,10
BRDA:17,6,0,0
BRDA:17,6,1,10
BRDA:23,7,0,0
BRDA:23,7,1,0
BRDA:24,8,0,0
BRDA:24,8,1,0
BRDA:27,9,0,1
BRDA:27,9,1,1
BRF:20
BRH:14
end_of_record
TN:
SF:Javascript\Testing with jest\reto_6\createCube.js
FN:1,createCube
FNF:1
FNH:1
FNDA:3,createCube
DA:2,3
DA:4,3
DA:5,10
DA:6,10
DA:9,3
DA:10,10
DA:11,10
DA:12,7
DA:15,3
DA:18,1
LF:10
LH:10
BRDA:11,0,0,7
BRDA:11,0,1,3
BRF:2
BRH:2
end_of_record
TN:
SF:Javascript\Testing with jest\reto_7\getGiftsToRefill.js
FN:1,getGiftsToRefill
FN:2,uniqueComparison
FNF:2
FNH:2
FNDA:1,getGiftsToRefill
FNDA:11,uniqueComparison
DA:3,11
DA:6,1
DA:7,1
DA:9,1
DA:10,1
DA:11,4
DA:12,4
DA:13,4
DA:14,4
DA:15,4
DA:18,1
DA:20,1
LF:12
LH:12
BRDA:12,0,0,2
BRDA:12,0,1,2
BRDA:13,1,0,3
BRDA:13,1,1,1
BRDA:14,2,0,2
BRDA:14,2,1,2
BRDA:15,3,0,2
BRDA:15,3,1,2
BRF:8
BRH:8
end_of_record
TN:
SF:Javascript\Testing with jest\reto_8\checkPart.js
FN:1,checkPart
FN:2,(anonymous_1)
FNF:2
FNH:2
FNDA:4,checkPart
FNDA:14,(anonymous_1)
DA:2,4
DA:3,14
DA:4,14
DA:5,14
DA:6,14
DA:9,4
DA:11,2
DA:12,2
DA:13,10
DA:14,10
DA:15,10
DA:18,2
DA:20,1
LF:13
LH:13
BRDA:9,0,0,2
BRDA:9,0,1,2
BRDA:18,1,0,1
BRDA:18,1,1,1
BRF:4
BRH:4
end_of_record
TN:
SF:Javascript\Testing with jest\reto_9\countTime.js
FN:1,countTime
FNF:1
FNH:1
FNDA:3,countTime
DA:2,3
DA:4,3
DA:5,3
DA:6,8
DA:7,8
DA:8,8
DA:9,37
DA:13,37
DA:15,8
DA:16,37
DA:17,37
DA:18,19
DA:23,3
DA:26,1
LF:14
LH:14
BRDA:9,0,0,8
BRDA:9,0,1,29
BRDA:13,1,0,19
BRDA:13,1,1,18
BRDA:17,2,0,19
BRDA:17,2,1,18
BRF:6
BRH:6
end_of_record
TN:
SF:Javascript\Testing with jest\sum\sum.js
FN:1,sum
FNF:1
FNH:1
FNDA:2,sum
DA:2,2
DA:3,2
DA:5,2
DA:8,1
LF:4
LH:4
BRF:0
BRH:0
end_of_record
